{"contracts/BasicToken.sol":{"l":{"23":18,"32":5,"33":5,"36":5,"37":5,"38":5,"39":5,"48":52},"path":"/home/abhi/Projects/digipharm/contracts/BasicToken.sol","s":{"1":18,"2":5,"3":5,"4":5,"5":5,"6":5,"7":5,"8":52},"b":{"1":[5,0],"2":[5,0]},"f":{"1":18,"2":5,"3":52},"fnMap":{"1":{"name":"totalSupply","line":22,"loc":{"start":{"line":22,"column":2},"end":{"line":22,"column":54}}},"2":{"name":"transfer","line":31,"loc":{"start":{"line":31,"column":2},"end":{"line":31,"column":70}}},"3":{"name":"balanceOf","line":47,"loc":{"start":{"line":47,"column":2},"end":{"line":47,"column":74}}}},"statementMap":{"1":{"start":{"line":23,"column":4},"end":{"line":23,"column":23}},"2":{"start":{"line":32,"column":4},"end":{"line":32,"column":29}},"3":{"start":{"line":33,"column":4},"end":{"line":33,"column":42}},"4":{"start":{"line":36,"column":4},"end":{"line":36,"column":58}},"5":{"start":{"line":37,"column":4},"end":{"line":37,"column":44}},"6":{"start":{"line":38,"column":4},"end":{"line":38,"column":42}},"7":{"start":{"line":39,"column":4},"end":{"line":39,"column":15}},"8":{"start":{"line":48,"column":4},"end":{"line":48,"column":27}}},"branchMap":{"1":{"line":32,"type":"if","locations":[{"start":{"line":32,"column":4},"end":{"line":32,"column":4}},{"start":{"line":32,"column":4},"end":{"line":32,"column":4}}]},"2":{"line":33,"type":"if","locations":[{"start":{"line":33,"column":4},"end":{"line":33,"column":4}},{"start":{"line":33,"column":4},"end":{"line":33,"column":4}}]}}},"contracts/DigipharmToken.sol":{"l":{"27":2,"29":1,"30":1,"32":1,"36":1,"38":1,"39":1,"41":1,"45":2,"46":2,"48":2,"60":1,"61":1,"62":1,"63":1,"65":1,"67":1,"71":11,"72":6,"73":5,"75":3,"80":8,"84":4,"85":1,"88":3,"93":8,"94":6,"96":5,"100":1,"104":2},"path":"/home/abhi/Projects/digipharm/contracts/DigipharmToken.sol","s":{"1":2,"2":1,"3":1,"4":1,"5":1,"6":1,"7":1,"8":1,"9":2,"10":2,"11":2,"12":1,"13":1,"14":1,"15":1,"16":11,"17":6,"18":5,"19":3,"20":8,"21":4,"22":1,"23":3,"24":8,"25":6,"26":5,"27":1,"28":2},"b":{"1":[1,1],"2":[1,0],"3":[2,0],"4":[2,0],"5":[5,1],"6":[3,2],"7":[1,3],"8":[6,2],"9":[5,1]},"f":{"1":2,"2":1,"3":2,"4":1,"5":11,"6":4,"7":8,"8":1,"9":2},"fnMap":{"1":{"name":"burnFrom","line":26,"loc":{"start":{"line":26,"column":4},"end":{"line":26,"column":69}}},"2":{"name":"burn","line":35,"loc":{"start":{"line":35,"column":4},"end":{"line":35,"column":41}}},"3":{"name":"transferFrom","line":44,"loc":{"start":{"line":44,"column":4},"end":{"line":44,"column":89}}},"4":{"name":"lock","line":52,"loc":{"start":{"line":52,"column":4},"end":{"line":52,"column":101}}},"5":{"name":"canBeTransfered","line":70,"loc":{"start":{"line":70,"column":4},"end":{"line":70,"column":69}}},"6":{"name":"mint","line":83,"loc":{"start":{"line":83,"column":4},"end":{"line":83,"column":85}}},"7":{"name":"transfer","line":92,"loc":{"start":{"line":92,"column":4},"end":{"line":92,"column":62}}},"8":{"name":"stopTransfers","line":99,"loc":{"start":{"line":99,"column":4},"end":{"line":99,"column":36}}},"9":{"name":"resumeTransfers","line":103,"loc":{"start":{"line":103,"column":4},"end":{"line":103,"column":38}}}},"statementMap":{"1":{"start":{"line":27,"column":8},"end":{"line":27,"column":42}},"2":{"start":{"line":29,"column":8},"end":{"line":29,"column":54}},"3":{"start":{"line":30,"column":8},"end":{"line":30,"column":47}},"4":{"start":{"line":32,"column":8},"end":{"line":32,"column":33}},"5":{"start":{"line":36,"column":8},"end":{"line":36,"column":46}},"6":{"start":{"line":38,"column":8},"end":{"line":38,"column":62}},"7":{"start":{"line":39,"column":8},"end":{"line":39,"column":47}},"8":{"start":{"line":41,"column":8},"end":{"line":41,"column":37}},"9":{"start":{"line":45,"column":8},"end":{"line":45,"column":56}},"10":{"start":{"line":46,"column":8},"end":{"line":46,"column":46}},"11":{"start":{"line":48,"column":8},"end":{"line":48,"column":53}},"12":{"start":{"line":61,"column":8},"end":{"line":61,"column":34}},"13":{"start":{"line":62,"column":8},"end":{"line":62,"column":35}},"14":{"start":{"line":63,"column":8},"end":{"line":63,"column":29}},"15":{"start":{"line":67,"column":8},"end":{"line":67,"column":19}},"16":{"start":{"line":71,"column":8},"end":{"line":71,"column":1911}},"17":{"start":{"line":72,"column":12},"end":{"line":72,"column":1965}},"18":{"start":{"line":73,"column":16},"end":{"line":73,"column":2016}},"19":{"start":{"line":75,"column":20},"end":{"line":75,"column":32}},"20":{"start":{"line":80,"column":8},"end":{"line":80,"column":19}},"21":{"start":{"line":84,"column":8},"end":{"line":84,"column":2287}},"22":{"start":{"line":85,"column":12},"end":{"line":85,"column":24}},"23":{"start":{"line":88,"column":8},"end":{"line":88,"column":39}},"24":{"start":{"line":93,"column":8},"end":{"line":93,"column":56}},"25":{"start":{"line":94,"column":8},"end":{"line":94,"column":51}},"26":{"start":{"line":96,"column":8},"end":{"line":96,"column":42}},"27":{"start":{"line":100,"column":8},"end":{"line":100,"column":32}},"28":{"start":{"line":104,"column":8},"end":{"line":104,"column":31}}},"branchMap":{"1":{"line":27,"type":"if","locations":[{"start":{"line":27,"column":8},"end":{"line":27,"column":8}},{"start":{"line":27,"column":8},"end":{"line":27,"column":8}}]},"2":{"line":36,"type":"if","locations":[{"start":{"line":36,"column":8},"end":{"line":36,"column":8}},{"start":{"line":36,"column":8},"end":{"line":36,"column":8}}]},"3":{"line":45,"type":"if","locations":[{"start":{"line":45,"column":8},"end":{"line":45,"column":8}},{"start":{"line":45,"column":8},"end":{"line":45,"column":8}}]},"4":{"line":46,"type":"if","locations":[{"start":{"line":46,"column":8},"end":{"line":46,"column":8}},{"start":{"line":46,"column":8},"end":{"line":46,"column":8}}]},"5":{"line":72,"type":"if","locations":[{"start":{"line":72,"column":12},"end":{"line":72,"column":12}},{"start":{"line":72,"column":12},"end":{"line":72,"column":12}}]},"6":{"line":73,"type":"if","locations":[{"start":{"line":73,"column":16},"end":{"line":73,"column":16}},{"start":{"line":73,"column":16},"end":{"line":73,"column":16}}]},"7":{"line":84,"type":"if","locations":[{"start":{"line":84,"column":8},"end":{"line":84,"column":8}},{"start":{"line":84,"column":8},"end":{"line":84,"column":8}}]},"8":{"line":93,"type":"if","locations":[{"start":{"line":93,"column":8},"end":{"line":93,"column":8}},{"start":{"line":93,"column":8},"end":{"line":93,"column":8}}]},"9":{"line":94,"type":"if","locations":[{"start":{"line":94,"column":8},"end":{"line":94,"column":8}},{"start":{"line":94,"column":8},"end":{"line":94,"column":8}}]}}},"contracts/ERC20.sol":{"l":{},"path":"/home/abhi/Projects/digipharm/contracts/ERC20.sol","s":{},"b":{},"f":{},"fnMap":{},"statementMap":{},"branchMap":{}},"contracts/ERC20Basic.sol":{"l":{},"path":"/home/abhi/Projects/digipharm/contracts/ERC20Basic.sol","s":{},"b":{},"f":{},"fnMap":{},"statementMap":{},"branchMap":{}},"contracts/MintableToken.sol":{"l":{"19":10,"20":10,"31":3,"32":3,"33":3,"34":3,"35":3,"43":1,"44":1,"45":1},"path":"/home/abhi/Projects/digipharm/contracts/MintableToken.sol","s":{"1":10,"2":3,"3":3,"4":3,"5":3,"6":3,"7":1,"8":1,"9":1},"b":{"1":[10,0]},"f":{"1":10,"2":3,"3":1},"fnMap":{"1":{"name":"canMint","line":18,"loc":{"start":{"line":18,"column":2},"end":{"line":18,"column":20}}},"2":{"name":"mint","line":29,"loc":{"start":{"line":29,"column":2},"end":{"line":29,"column":85}}},"3":{"name":"finishMinting","line":42,"loc":{"start":{"line":42,"column":2},"end":{"line":42,"column":66}}}},"statementMap":{"1":{"start":{"line":19,"column":4},"end":{"line":19,"column":28}},"2":{"start":{"line":31,"column":4},"end":{"line":31,"column":43}},"3":{"start":{"line":32,"column":4},"end":{"line":32,"column":45}},"4":{"start":{"line":33,"column":4},"end":{"line":33,"column":21}},"5":{"start":{"line":34,"column":4},"end":{"line":34,"column":37}},"6":{"start":{"line":35,"column":4},"end":{"line":35,"column":15}},"7":{"start":{"line":43,"column":4},"end":{"line":43,"column":25}},"8":{"start":{"line":44,"column":4},"end":{"line":44,"column":17}},"9":{"start":{"line":45,"column":4},"end":{"line":45,"column":15}}},"branchMap":{"1":{"line":19,"type":"if","locations":[{"start":{"line":19,"column":4},"end":{"line":19,"column":4}},{"start":{"line":19,"column":4},"end":{"line":19,"column":4}}]}}},"contracts/Ownable.sol":{"l":{"21":1,"28":23,"29":16,"37":1,"38":1,"39":1},"path":"/home/abhi/Projects/digipharm/contracts/Ownable.sol","s":{"1":1,"2":23,"3":1,"4":1,"5":1},"b":{"1":[16,7],"2":[1,0]},"f":{"1":1,"2":23,"3":1},"fnMap":{"1":{"name":"Ownable","line":20,"loc":{"start":{"line":20,"column":2},"end":{"line":20,"column":27}}},"2":{"name":"onlyOwner","line":27,"loc":{"start":{"line":27,"column":2},"end":{"line":27,"column":22}}},"3":{"name":"transferOwnership","line":36,"loc":{"start":{"line":36,"column":2},"end":{"line":36,"column":63}}}},"statementMap":{"1":{"start":{"line":21,"column":4},"end":{"line":21,"column":21}},"2":{"start":{"line":28,"column":4},"end":{"line":28,"column":31}},"3":{"start":{"line":37,"column":4},"end":{"line":37,"column":34}},"4":{"start":{"line":38,"column":4},"end":{"line":38,"column":46}},"5":{"start":{"line":39,"column":4},"end":{"line":39,"column":19}}},"branchMap":{"1":{"line":28,"type":"if","locations":[{"start":{"line":28,"column":4},"end":{"line":28,"column":4}},{"start":{"line":28,"column":4},"end":{"line":28,"column":4}}]},"2":{"line":37,"type":"if","locations":[{"start":{"line":37,"column":4},"end":{"line":37,"column":4}},{"start":{"line":37,"column":4},"end":{"line":37,"column":4}}]}}},"contracts/SafeMath.sol":{"l":{"14":0,"15":0,"17":0,"18":0,"19":0,"27":0,"29":0,"36":17,"37":17,"44":17,"45":17,"46":17},"path":"/home/abhi/Projects/digipharm/contracts/SafeMath.sol","s":{"1":0,"2":0,"3":0,"4":0,"5":0,"6":0,"7":0,"8":17,"9":17,"10":17,"11":17,"12":17},"b":{"1":[0,0],"2":[0,0],"3":[17,0],"4":[17,0]},"f":{"1":0,"2":0,"3":17,"4":17},"fnMap":{"1":{"name":"mul","line":13,"loc":{"start":{"line":13,"column":2},"end":{"line":13,"column":68}}},"2":{"name":"div","line":25,"loc":{"start":{"line":25,"column":2},"end":{"line":25,"column":68}}},"3":{"name":"sub","line":35,"loc":{"start":{"line":35,"column":2},"end":{"line":35,"column":68}}},"4":{"name":"add","line":43,"loc":{"start":{"line":43,"column":2},"end":{"line":43,"column":68}}}},"statementMap":{"1":{"start":{"line":14,"column":4},"end":{"line":14,"column":281}},"2":{"start":{"line":15,"column":6},"end":{"line":15,"column":14}},"3":{"start":{"line":17,"column":4},"end":{"line":17,"column":20}},"4":{"start":{"line":18,"column":4},"end":{"line":18,"column":21}},"5":{"start":{"line":19,"column":4},"end":{"line":19,"column":12}},"6":{"start":{"line":27,"column":4},"end":{"line":27,"column":20}},"7":{"start":{"line":29,"column":4},"end":{"line":29,"column":12}},"8":{"start":{"line":36,"column":4},"end":{"line":36,"column":17}},"9":{"start":{"line":37,"column":4},"end":{"line":37,"column":16}},"10":{"start":{"line":44,"column":4},"end":{"line":44,"column":20}},"11":{"start":{"line":45,"column":4},"end":{"line":45,"column":17}},"12":{"start":{"line":46,"column":4},"end":{"line":46,"column":12}}},"branchMap":{"1":{"line":14,"type":"if","locations":[{"start":{"line":14,"column":4},"end":{"line":14,"column":4}},{"start":{"line":14,"column":4},"end":{"line":14,"column":4}}]},"2":{"line":18,"type":"if","locations":[{"start":{"line":18,"column":4},"end":{"line":18,"column":4}},{"start":{"line":18,"column":4},"end":{"line":18,"column":4}}]},"3":{"line":36,"type":"if","locations":[{"start":{"line":36,"column":4},"end":{"line":36,"column":4}},{"start":{"line":36,"column":4},"end":{"line":36,"column":4}}]},"4":{"line":45,"type":"if","locations":[{"start":{"line":45,"column":4},"end":{"line":45,"column":4}},{"start":{"line":45,"column":4},"end":{"line":45,"column":4}}]}}},"contracts/StandardToken.sol":{"l":{"24":2,"25":2,"26":2,"28":1,"29":1,"30":1,"31":1,"32":1,"45":1,"46":1,"47":1,"57":6,"70":1,"71":1,"72":1,"85":1,"86":1,"87":0,"89":1,"91":1,"92":1},"path":"/home/abhi/Projects/digipharm/contracts/StandardToken.sol","s":{"1":2,"2":2,"3":2,"4":1,"5":1,"6":1,"7":1,"8":1,"9":1,"10":1,"11":1,"12":6,"13":1,"14":1,"15":1,"16":1,"17":1,"18":0,"19":1,"20":1,"21":1},"b":{"1":[2,0],"2":[2,0],"3":[1,1],"4":[0,1]},"f":{"1":2,"2":1,"3":6,"4":1,"5":1},"fnMap":{"1":{"name":"transferFrom","line":23,"loc":{"start":{"line":23,"column":2},"end":{"line":23,"column":89}}},"2":{"name":"approve","line":44,"loc":{"start":{"line":44,"column":2},"end":{"line":44,"column":74}}},"3":{"name":"allowance","line":56,"loc":{"start":{"line":56,"column":2},"end":{"line":56,"column":84}}},"4":{"name":"increaseApproval","line":69,"loc":{"start":{"line":69,"column":2},"end":{"line":69,"column":85}}},"5":{"name":"decreaseApproval","line":84,"loc":{"start":{"line":84,"column":2},"end":{"line":84,"column":90}}}},"statementMap":{"1":{"start":{"line":24,"column":4},"end":{"line":24,"column":29}},"2":{"start":{"line":25,"column":4},"end":{"line":25,"column":37}},"3":{"start":{"line":26,"column":4},"end":{"line":26,"column":48}},"4":{"start":{"line":28,"column":4},"end":{"line":28,"column":48}},"5":{"start":{"line":29,"column":4},"end":{"line":29,"column":44}},"6":{"start":{"line":30,"column":4},"end":{"line":30,"column":70}},"7":{"start":{"line":31,"column":4},"end":{"line":31,"column":38}},"8":{"start":{"line":32,"column":4},"end":{"line":32,"column":15}},"9":{"start":{"line":45,"column":4},"end":{"line":45,"column":41}},"10":{"start":{"line":46,"column":4},"end":{"line":46,"column":48}},"11":{"start":{"line":47,"column":4},"end":{"line":47,"column":15}},"12":{"start":{"line":57,"column":4},"end":{"line":57,"column":36}},"13":{"start":{"line":70,"column":4},"end":{"line":70,"column":81}},"14":{"start":{"line":71,"column":4},"end":{"line":71,"column":70}},"15":{"start":{"line":72,"column":4},"end":{"line":72,"column":15}},"16":{"start":{"line":85,"column":4},"end":{"line":85,"column":48}},"17":{"start":{"line":86,"column":4},"end":{"line":86,"column":3462}},"18":{"start":{"line":87,"column":6},"end":{"line":87,"column":38}},"19":{"start":{"line":89,"column":6},"end":{"line":89,"column":67}},"20":{"start":{"line":91,"column":4},"end":{"line":91,"column":70}},"21":{"start":{"line":92,"column":4},"end":{"line":92,"column":15}}},"branchMap":{"1":{"line":24,"type":"if","locations":[{"start":{"line":24,"column":4},"end":{"line":24,"column":4}},{"start":{"line":24,"column":4},"end":{"line":24,"column":4}}]},"2":{"line":25,"type":"if","locations":[{"start":{"line":25,"column":4},"end":{"line":25,"column":4}},{"start":{"line":25,"column":4},"end":{"line":25,"column":4}}]},"3":{"line":26,"type":"if","locations":[{"start":{"line":26,"column":4},"end":{"line":26,"column":4}},{"start":{"line":26,"column":4},"end":{"line":26,"column":4}}]},"4":{"line":86,"type":"if","locations":[{"start":{"line":86,"column":4},"end":{"line":86,"column":4}},{"start":{"line":86,"column":4},"end":{"line":86,"column":4}}]}}}}