TN:
SF:/home/abhi/Projects/digipharm/contracts/BasicToken.sol
FN:22,totalSupply
FN:31,transfer
FN:47,balanceOf
FNF:3
FNH:3
FNDA:18,totalSupply
FNDA:5,transfer
FNDA:52,balanceOf
DA:23,18
DA:32,5
DA:33,5
DA:36,5
DA:37,5
DA:38,5
DA:39,5
DA:48,52
LF:8
LH:8
BRDA:32,1,0,5
BRDA:32,1,1,0
BRDA:33,2,0,5
BRDA:33,2,1,0
BRF:4
BRH:2
end_of_record
TN:
SF:/home/abhi/Projects/digipharm/contracts/DigipharmToken.sol
FN:26,burnFrom
FN:35,burn
FN:44,transferFrom
FN:52,lock
FN:70,canBeTransfered
FN:83,mint
FN:92,transfer
FN:99,stopTransfers
FN:103,resumeTransfers
FNF:9
FNH:9
FNDA:2,burnFrom
FNDA:1,burn
FNDA:2,transferFrom
FNDA:1,lock
FNDA:11,canBeTransfered
FNDA:4,mint
FNDA:8,transfer
FNDA:1,stopTransfers
FNDA:2,resumeTransfers
DA:27,2
DA:29,1
DA:30,1
DA:32,1
DA:36,1
DA:38,1
DA:39,1
DA:41,1
DA:45,2
DA:46,2
DA:48,2
DA:60,1
DA:61,1
DA:62,1
DA:63,1
DA:65,1
DA:67,1
DA:71,11
DA:72,6
DA:73,5
DA:75,3
DA:80,8
DA:84,4
DA:85,1
DA:88,3
DA:93,8
DA:94,6
DA:96,5
DA:100,1
DA:104,2
LF:30
LH:30
BRDA:27,1,0,1
BRDA:27,1,1,1
BRDA:36,2,0,1
BRDA:36,2,1,0
BRDA:45,3,0,2
BRDA:45,3,1,0
BRDA:46,4,0,2
BRDA:46,4,1,0
BRDA:72,5,0,5
BRDA:72,5,1,1
BRDA:73,6,0,3
BRDA:73,6,1,2
BRDA:84,7,0,1
BRDA:84,7,1,3
BRDA:93,8,0,6
BRDA:93,8,1,2
BRDA:94,9,0,5
BRDA:94,9,1,1
BRF:18
BRH:15
end_of_record
TN:
SF:/home/abhi/Projects/digipharm/contracts/ERC20.sol
FNF:0
FNH:0
LF:0
LH:0
BRF:0
BRH:0
end_of_record
TN:
SF:/home/abhi/Projects/digipharm/contracts/ERC20Basic.sol
FNF:0
FNH:0
LF:0
LH:0
BRF:0
BRH:0
end_of_record
TN:
SF:/home/abhi/Projects/digipharm/contracts/MintableToken.sol
FN:18,canMint
FN:29,mint
FN:42,finishMinting
FNF:3
FNH:3
FNDA:10,canMint
FNDA:3,mint
FNDA:1,finishMinting
DA:19,10
DA:20,10
DA:31,3
DA:32,3
DA:33,3
DA:34,3
DA:35,3
DA:43,1
DA:44,1
DA:45,1
LF:10
LH:10
BRDA:19,1,0,10
BRDA:19,1,1,0
BRF:2
BRH:1
end_of_record
TN:
SF:/home/abhi/Projects/digipharm/contracts/Ownable.sol
FN:20,Ownable
FN:27,onlyOwner
FN:36,transferOwnership
FNF:3
FNH:3
FNDA:1,Ownable
FNDA:23,onlyOwner
FNDA:1,transferOwnership
DA:21,1
DA:28,23
DA:29,16
DA:37,1
DA:38,1
DA:39,1
LF:6
LH:6
BRDA:28,1,0,16
BRDA:28,1,1,7
BRDA:37,2,0,1
BRDA:37,2,1,0
BRF:4
BRH:3
end_of_record
TN:
SF:/home/abhi/Projects/digipharm/contracts/SafeMath.sol
FN:13,mul
FN:25,div
FN:35,sub
FN:43,add
FNF:4
FNH:2
FNDA:0,mul
FNDA:0,div
FNDA:17,sub
FNDA:17,add
DA:14,0
DA:15,0
DA:17,0
DA:18,0
DA:19,0
DA:27,0
DA:29,0
DA:36,17
DA:37,17
DA:44,17
DA:45,17
DA:46,17
LF:12
LH:5
BRDA:14,1,0,0
BRDA:14,1,1,0
BRDA:18,2,0,0
BRDA:18,2,1,0
BRDA:36,3,0,17
BRDA:36,3,1,0
BRDA:45,4,0,17
BRDA:45,4,1,0
BRF:8
BRH:2
end_of_record
TN:
SF:/home/abhi/Projects/digipharm/contracts/StandardToken.sol
FN:23,transferFrom
FN:44,approve
FN:56,allowance
FN:69,increaseApproval
FN:84,decreaseApproval
FNF:5
FNH:5
FNDA:2,transferFrom
FNDA:1,approve
FNDA:6,allowance
FNDA:1,increaseApproval
FNDA:1,decreaseApproval
DA:24,2
DA:25,2
DA:26,2
DA:28,1
DA:29,1
DA:30,1
DA:31,1
DA:32,1
DA:45,1
DA:46,1
DA:47,1
DA:57,6
DA:70,1
DA:71,1
DA:72,1
DA:85,1
DA:86,1
DA:87,0
DA:89,1
DA:91,1
DA:92,1
LF:21
LH:20
BRDA:24,1,0,2
BRDA:24,1,1,0
BRDA:25,2,0,2
BRDA:25,2,1,0
BRDA:26,3,0,1
BRDA:26,3,1,1
BRDA:86,4,0,0
BRDA:86,4,1,1
BRF:8
BRH:5
end_of_record
